2026-01-09 17:33:17 [INFO]: Initializing LinkedIn Manager...
2026-01-09 17:33:17 [INFO]: Initializing LinkedIn Manager...
2026-01-09 17:33:17 [INFO]: Initializing database...
2026-01-09 17:33:17 [INFO]: Database tables created/verified
2026-01-09 17:33:17 [INFO]: Database initialized at C:\workspace\_gladius\arty\linkedin\data\linkedin.db
2026-01-09 17:33:17 [INFO]: Initializing LinkedIn service...
2026-01-09 17:33:17 [INFO]: Initializing scheduler service...
2026-01-09 17:33:17 [INFO]: Starting LinkedIn post scheduler...
2026-01-09 17:33:17 [INFO]: Scheduler started with check interval: 60000ms
2026-01-09 17:33:17 [INFO]: LinkedIn Manager initialized successfully
2026-01-09 17:33:17 [INFO]: Creating post...
2026-01-09 17:33:18 [ERROR]: API Error: 422 - {"message":"ERROR :: /author :: \"urn:li:person:ACoAAFWikxoB5YR5bRrwSFIhHKS4gu8dCKYz_d8\" does not match urn:li:company:\\d+|urn:li:member:\\d+\n","status":422}
2026-01-09 17:33:53 [INFO]: Initializing LinkedIn Manager...
2026-01-09 17:33:53 [INFO]: Initializing LinkedIn Manager...
2026-01-09 17:33:53 [INFO]: Initializing database...
2026-01-09 17:33:53 [INFO]: Database tables created/verified
2026-01-09 17:33:53 [INFO]: Database initialized at C:\workspace\_gladius\arty\linkedin\data\linkedin.db
2026-01-09 17:33:53 [INFO]: Initializing LinkedIn service...
2026-01-09 17:33:53 [INFO]: Initializing scheduler service...
2026-01-09 17:33:53 [INFO]: Starting LinkedIn post scheduler...
2026-01-09 17:33:53 [INFO]: Scheduler started with check interval: 60000ms
2026-01-09 17:33:53 [INFO]: LinkedIn Manager initialized successfully
2026-01-09 17:33:53 [INFO]: Creating post...
2026-01-09 17:33:53 [ERROR]: API Error: 403 - {"status":403,"serviceErrorCode":100,"code":"ACCESS_DENIED","message":"Field Value validation failed in REQUEST_BODY: Data Processing Exception while processing fields [/author]"}
2026-01-09 17:35:59 [INFO]: Initializing LinkedIn Manager...
2026-01-09 17:35:59 [INFO]: Initializing LinkedIn Manager...
2026-01-09 17:35:59 [INFO]: Initializing database...
2026-01-09 17:35:59 [INFO]: Database tables created/verified
2026-01-09 17:35:59 [INFO]: Database initialized at C:\workspace\_gladius\arty\linkedin\data\linkedin.db
2026-01-09 17:35:59 [INFO]: Initializing LinkedIn service...
2026-01-09 17:35:59 [INFO]: Initializing scheduler service...
2026-01-09 17:35:59 [INFO]: Starting LinkedIn post scheduler...
2026-01-09 17:35:59 [INFO]: Scheduler started with check interval: 60000ms
2026-01-09 17:35:59 [INFO]: LinkedIn Manager initialized successfully
2026-01-09 17:35:59 [INFO]: Creating post...
2026-01-09 17:36:00 [ERROR]: API Error: 403 - {"status":403,"serviceErrorCode":100,"code":"ACCESS_DENIED","message":"Field Value validation failed in REQUEST_BODY: Data Processing Exception while processing fields [/author]"}
2026-01-09 17:36:22 [INFO]: Initializing LinkedIn Manager...
2026-01-09 17:36:22 [INFO]: Initializing LinkedIn Manager...
2026-01-09 17:36:22 [INFO]: Initializing database...
2026-01-09 17:36:22 [INFO]: Database tables created/verified
2026-01-09 17:36:22 [INFO]: Database initialized at C:\workspace\_gladius\arty\linkedin\data\linkedin.db
2026-01-09 17:36:22 [INFO]: Initializing LinkedIn service...
2026-01-09 17:36:22 [INFO]: Initializing scheduler service...
2026-01-09 17:36:22 [INFO]: Starting LinkedIn post scheduler...
2026-01-09 17:36:22 [INFO]: Scheduler started with check interval: 60000ms
2026-01-09 17:36:22 [INFO]: LinkedIn Manager initialized successfully
2026-01-09 17:36:22 [INFO]: Creating post...
2026-01-09 17:36:23 [ERROR]: API Error: 400 - {"errorDetailType":"com.linkedin.common.error.BadRequest","code":"UNPROCESSABLE_ENTITY","message":"author value urn:li:person:ACoAAFWikxoB5YR5bRrwSFIhHKS4gu8dCKYz_d8 is of type person. Allowed URN types are company, member, organizationalPage","errorDetails":{"inputErrors":[{"description":"author value urn:li:person:ACoAAFWikxoB5YR5bRrwSFIhHKS4gu8dCKYz_d8 is of type person. Allowed URN types are company, member, organizationalPage","input":{"inputPath":{"fieldPath":"/author"}},"code":"UNPROCESSABLE_ENTITY"}]},"status":400}
2026-01-09 17:36:48 [INFO]: Initializing LinkedIn Manager...
2026-01-09 17:36:48 [INFO]: Initializing LinkedIn Manager...
2026-01-09 17:36:48 [INFO]: Initializing database...
2026-01-09 17:36:48 [INFO]: Database tables created/verified
2026-01-09 17:36:48 [INFO]: Database initialized at C:\workspace\_gladius\arty\linkedin\data\linkedin.db
2026-01-09 17:36:48 [INFO]: Initializing LinkedIn service...
2026-01-09 17:36:48 [INFO]: Initializing scheduler service...
2026-01-09 17:36:48 [INFO]: Starting LinkedIn post scheduler...
2026-01-09 17:36:48 [INFO]: Scheduler started with check interval: 60000ms
2026-01-09 17:36:48 [INFO]: LinkedIn Manager initialized successfully
2026-01-09 17:36:48 [INFO]: Creating post...
2026-01-09 17:36:49 [ERROR]: API Error: 403 - {"status":403,"serviceErrorCode":100,"code":"ACCESS_DENIED","message":"Field Value validation failed in REQUEST_BODY: Data Processing Exception while processing fields [/author]"}
